2025-03-25 04:09:42,276 - Adding job tentatively -- it will be properly scheduled when the scheduler starts
2025-03-25 04:09:42,277 - ✅ Автопостинг запущен. Ожидаем публикации...
2025-03-25 04:09:42,277 - ⏰ Попытка публикации товара...
2025-03-25 04:09:43,107 - Added job "publish_next_product" to job store "default"
2025-03-25 04:09:43,107 - Scheduler started
2025-03-25 04:12:42,285 - Running job "publish_next_product (trigger: interval[0:03:00], next run at: 2025-03-25 04:12:42 +05)" (scheduled at 2025-03-25 04:12:42.276614+05:00)
2025-03-25 04:12:42,287 - ⏰ Попытка публикации товара...
2025-03-25 04:12:43,104 - Job "publish_next_product (trigger: interval[0:03:00], next run at: 2025-03-25 04:15:42 +05)" executed successfully
2025-03-25 04:15:59,721 - Run time of job "publish_next_product (trigger: interval[0:03:00], next run at: 2025-03-25 04:18:42 +05)" was missed by 0:00:17.444426
2025-03-25 04:26:07,805 - Run time of job "publish_next_product (trigger: interval[0:03:00], next run at: 2025-03-25 04:27:42 +05)" was missed by 0:01:25.528645
2025-03-25 04:27:42,278 - Running job "publish_next_product (trigger: interval[0:03:00], next run at: 2025-03-25 04:30:42 +05)" (scheduled at 2025-03-25 04:27:42.276614+05:00)
2025-03-25 04:27:42,279 - ⏰ Попытка публикации товара...
2025-03-25 04:27:44,506 - Job "publish_next_product (trigger: interval[0:03:00], next run at: 2025-03-25 04:30:42 +05)" executed successfully
2025-03-25 04:36:56,822 - Run time of job "publish_next_product (trigger: interval[0:03:00], next run at: 2025-03-25 04:39:42 +05)" was missed by 0:00:14.545228
2025-03-25 04:42:30,924 - Run time of job "publish_next_product (trigger: interval[0:03:00], next run at: 2025-03-25 04:42:42 +05)" was missed by 0:02:48.647148
2025-03-25 04:42:42,281 - Running job "publish_next_product (trigger: interval[0:03:00], next run at: 2025-03-25 04:45:42 +05)" (scheduled at 2025-03-25 04:42:42.276614+05:00)
2025-03-25 04:42:42,283 - ⏰ Попытка публикации товара...
2025-03-25 04:42:43,561 - Job "publish_next_product (trigger: interval[0:03:00], next run at: 2025-03-25 04:45:42 +05)" executed successfully
2025-03-25 04:46:02,171 - Run time of job "publish_next_product (trigger: interval[0:03:00], next run at: 2025-03-25 04:48:42 +05)" was missed by 0:00:19.894320
⚠️ Бот уже работает. Второй запуск блокирован.
⚠️ Бот уже работает. Второй запуск блокирован.
⚠️ Бот уже работает. Второй запуск блокирован.
⚠️ Бот уже работает. Второй запуск блокирован.
⚠️ Бот уже работает. Второй запуск блокирован.
⚠️ Бот уже работает. Второй запуск блокирован.
⚠️ Бот уже работает. Второй запуск блокирован.
⚠️ Бот уже работает. Второй запуск блокирован.
⚠️ Бот уже работает. Второй запуск блокирован.
⚠️ Бот уже работает. Второй запуск блокирован.
⚠️ Бот уже работает. Второй запуск блокирован.
⚠️ Бот уже работает. Второй запуск блокирован.
⚠️ Бот уже работает. Второй запуск блокирован.
⚠️ Бот уже работает. Второй запуск блокирован.
⚠️ Бот уже работает. Второй запуск блокирован.
⚠️ Бот уже работает. Второй запуск блокирован.
⚠️ Бот уже работает. Второй запуск блокирован.
⚠️ Бот уже работает. Второй запуск блокирован.
⚠️ Бот уже работает. Второй запуск блокирован.
⚠️ Бот уже работает. Второй запуск блокирован.
⚠️ Бот уже работает. Второй запуск блокирован.
⚠️ Бот уже работает. Второй запуск блокирован.
⚠️ Бот уже работает. Второй запуск блокирован.
⚠️ Бот уже работает. Второй запуск блокирован.
⚠️ Бот уже работает. Второй запуск блокирован.
⚠️ Бот уже работает. Второй запуск блокирован.
⚠️ Бот уже работает. Второй запуск блокирован.
⚠️ Бот уже работает. Второй запуск блокирован.
⚠️ Бот уже работает. Второй запуск блокирован.
⚠️ Бот уже работает. Второй запуск блокирован.
⚠️ Бот уже работает. Второй запуск блокирован.
⚠️ Бот уже работает. Второй запуск блокирован.
⚠️ Бот уже работает. Второй запуск блокирован.
⚠️ Бот уже работает. Второй запуск блокирован.
⚠️ Бот уже работает. Второй запуск блокирован.
⚠️ Бот уже работает. Второй запуск блокирован.
⚠️ Бот уже работает. Второй запуск блокирован.
⚠️ Бот уже работает. Второй запуск блокирован.
⚠️ Бот уже работает. Второй запуск блокирован.
⚠️ Бот уже работает. Второй запуск блокирован.
⚠️ Бот уже работает. Второй запуск блокирован.
⚠️ Бот уже работает. Второй запуск блокирован.
⚠️ Бот уже работает. Второй запуск блокирован.
⚠️ Бот уже работает. Второй запуск блокирован.
⚠️ Бот уже работает. Второй запуск блокирован.
⚠️ Бот уже работает. Второй запуск блокирован.
⚠️ Бот уже работает. Второй запуск блокирован.
⚠️ Бот уже работает. Второй запуск блокирован.
⚠️ Бот уже работает. Второй запуск блокирован.
⚠️ Бот уже работает. Второй запуск блокирован.
⚠️ Бот уже работает. Второй запуск блокирован.
⚠️ Бот уже работает. Второй запуск блокирован.
⚠️ Бот уже работает. Второй запуск блокирован.
⚠️ Бот уже работает. Второй запуск блокирован.
⚠️ Бот уже работает. Второй запуск блокирован.
⚠️ Бот уже работает. Второй запуск блокирован.
⚠️ Бот уже работает. Второй запуск блокирован.
⚠️ Бот уже работает. Второй запуск блокирован.
⚠️ Бот уже работает. Второй запуск блокирован.
⚠️ Бот уже работает. Второй запуск блокирован.
⚠️ Бот уже работает. Второй запуск блокирован.
⚠️ Бот уже работает. Второй запуск блокирован.
⚠️ Бот уже работает. Второй запуск блокирован.
⚠️ Бот уже работает. Второй запуск блокирован.
⚠️ Бот уже работает. Второй запуск блокирован.
⚠️ Бот уже работает. Второй запуск блокирован.
⚠️ Бот уже работает. Второй запуск блокирован.
⚠️ Бот уже работает. Второй запуск блокирован.
⚠️ Бот уже работает. Второй запуск блокирован.
⚠️ Бот уже работает. Второй запуск блокирован.
⚠️ Бот уже работает. Второй запуск блокирован.
⚠️ Бот уже работает. Второй запуск блокирован.
⚠️ Бот уже работает. Второй запуск блокирован.
⚠️ Бот уже работает. Второй запуск блокирован.
⚠️ Бот уже работает. Второй запуск блокирован.
⚠️ Бот уже работает. Второй запуск блокирован.
⚠️ Бот уже работает. Второй запуск блокирован.
⚠️ Бот уже работает. Второй запуск блокирован.
⚠️ Бот уже работает. Второй запуск блокирован.
⚠️ Бот уже работает. Второй запуск блокирован.
⚠️ Бот уже работает. Второй запуск блокирован.
⚠️ Бот уже работает. Второй запуск блокирован.
⚠️ Бот уже работает. Второй запуск блокирован.
⚠️ Бот уже работает. Второй запуск блокирован.
⚠️ Бот уже работает. Второй запуск блокирован.
⚠️ Бот уже работает. Второй запуск блокирован.
⚠️ Бот уже работает. Второй запуск блокирован.
⚠️ Бот уже работает. Второй запуск блокирован.
⚠️ Бот уже работает. Второй запуск блокирован.
⚠️ Бот уже работает. Второй запуск блокирован.
⚠️ Бот уже работает. Второй запуск блокирован.
⚠️ Бот уже работает. Второй запуск блокирован.
⚠️ Бот уже работает. Второй запуск блокирован.
⚠️ Бот уже работает. Второй запуск блокирован.
⚠️ Бот уже работает. Второй запуск блокирован.
⚠️ Бот уже работает. Второй запуск блокирован.
⚠️ Бот уже работает. Второй запуск блокирован.
⚠️ Бот уже работает. Второй запуск блокирован.
⚠️ Бот уже работает. Второй запуск блокирован.
⚠️ Бот уже работает. Второй запуск блокирован.
⚠️ Бот уже работает. Второй запуск блокирован.
⚠️ Бот уже работает. Второй запуск блокирован.
⚠️ Бот уже работает. Второй запуск блокирован.
⚠️ Бот уже работает. Второй запуск блокирован.
⚠️ Бот уже работает. Второй запуск блокирован.
⚠️ Бот уже работает. Второй запуск блокирован.
⚠️ Бот уже работает. Второй запуск блокирован.
⚠️ Бот уже работает. Второй запуск блокирован.
⚠️ Бот уже работает. Второй запуск блокирован.
⚠️ Бот уже работает. Второй запуск блокирован.
⚠️ Бот уже работает. Второй запуск блокирован.
⚠️ Бот уже работает. Второй запуск блокирован.
⚠️ Бот уже работает. Второй запуск блокирован.
⚠️ Бот уже работает. Второй запуск блокирован.
⚠️ Бот уже работает. Второй запуск блокирован.
⚠️ Бот уже работает. Второй запуск блокирован.
⚠️ Бот уже работает. Второй запуск блокирован.
⚠️ Бот уже работает. Второй запуск блокирован.
⚠️ Бот уже работает. Второй запуск блокирован.
⚠️ Бот уже работает. Второй запуск блокирован.
⚠️ Бот уже работает. Второй запуск блокирован.
⚠️ Бот уже работает. Второй запуск блокирован.
⚠️ Бот уже работает. Второй запуск блокирован.
⚠️ Бот уже работает. Второй запуск блокирован.
⚠️ Бот уже работает. Второй запуск блокирован.
⚠️ Бот уже работает. Второй запуск блокирован.
⚠️ Бот уже работает. Второй запуск блокирован.
⚠️ Бот уже работает. Второй запуск блокирован.
⚠️ Бот уже работает. Второй запуск блокирован.
⚠️ Бот уже работает. Второй запуск блокирован.
⚠️ Бот уже работает. Второй запуск блокирован.
⚠️ Бот уже работает. Второй запуск блокирован.
⚠️ Бот уже работает. Второй запуск блокирован.
⚠️ Бот уже работает. Второй запуск блокирован.
⚠️ Бот уже работает. Второй запуск блокирован.
⚠️ Бот уже работает. Второй запуск блокирован.
⚠️ Бот уже работает. Второй запуск блокирован.
⚠️ Бот уже работает. Второй запуск блокирован.
⚠️ Бот уже работает. Второй запуск блокирован.
⚠️ Бот уже работает. Второй запуск блокирован.
⚠️ Бот уже работает. Второй запуск блокирован.
⚠️ Бот уже работает. Второй запуск блокирован.
⚠️ Бот уже работает. Второй запуск блокирован.
⚠️ Бот уже работает. Второй запуск блокирован.
⚠️ Бот уже работает. Второй запуск блокирован.
⚠️ Бот уже работает. Второй запуск блокирован.
⚠️ Бот уже работает. Второй запуск блокирован.
⚠️ Бот уже работает. Второй запуск блокирован.
⚠️ Бот уже работает. Второй запуск блокирован.
⚠️ Бот уже работает. Второй запуск блокирован.
⚠️ Бот уже работает. Второй запуск блокирован.
⚠️ Бот уже работает. Второй запуск блокирован.
⚠️ Бот уже работает. Второй запуск блокирован.
⚠️ Бот уже работает. Второй запуск блокирован.
⚠️ Бот уже работает. Второй запуск блокирован.
⚠️ Бот уже работает. Второй запуск блокирован.
⚠️ Бот уже работает. Второй запуск блокирован.
⚠️ Бот уже работает. Второй запуск блокирован.
⚠️ Бот уже работает. Второй запуск блокирован.
⚠️ Бот уже работает. Второй запуск блокирован.
⚠️ Бот уже работает. Второй запуск блокирован.
⚠️ Бот уже работает. Второй запуск блокирован.
⚠️ Бот уже работает. Второй запуск блокирован.
⚠️ Бот уже работает. Второй запуск блокирован.
⚠️ Бот уже работает. Второй запуск блокирован.
⚠️ Бот уже работает. Второй запуск блокирован.
⚠️ Бот уже работает. Второй запуск блокирован.
⚠️ Бот уже работает. Второй запуск блокирован.
⚠️ Бот уже работает. Второй запуск блокирован.
⚠️ Бот уже работает. Второй запуск блокирован.
⚠️ Бот уже работает. Второй запуск блокирован.
⚠️ Бот уже работает. Второй запуск блокирован.
⚠️ Бот уже работает. Второй запуск блокирован.
⚠️ Бот уже работает. Второй запуск блокирован.
⚠️ Бот уже работает. Второй запуск блокирован.
⚠️ Бот уже работает. Второй запуск блокирован.
⚠️ Бот уже работает. Второй запуск блокирован.
⚠️ Бот уже работает. Второй запуск блокирован.
⚠️ Бот уже работает. Второй запуск блокирован.
⚠️ Бот уже работает. Второй запуск блокирован.
⚠️ Бот уже работает. Второй запуск блокирован.
⚠️ Бот уже работает. Второй запуск блокирован.
⚠️ Бот уже работает. Второй запуск блокирован.
⚠️ Бот уже работает. Второй запуск блокирован.
⚠️ Бот уже работает. Второй запуск блокирован.
⚠️ Бот уже работает. Второй запуск блокирован.
⚠️ Бот уже работает. Второй запуск блокирован.
⚠️ Бот уже работает. Второй запуск блокирован.
⚠️ Бот уже работает. Второй запуск блокирован.
⚠️ Бот уже работает. Второй запуск блокирован.
⚠️ Бот уже работает. Второй запуск блокирован.
⚠️ Бот уже работает. Второй запуск блокирован.
⚠️ Бот уже работает. Второй запуск блокирован.
⚠️ Бот уже работает. Второй запуск блокирован.
⚠️ Бот уже работает. Второй запуск блокирован.
⚠️ Бот уже работает. Второй запуск блокирован.
⚠️ Бот уже работает. Второй запуск блокирован.
⚠️ Бот уже работает. Второй запуск блокирован.
⚠️ Бот уже работает. Второй запуск блокирован.
⚠️ Бот уже работает. Второй запуск блокирован.
⚠️ Бот уже работает. Второй запуск блокирован.
⚠️ Бот уже работает. Второй запуск блокирован.
⚠️ Бот уже работает. Второй запуск блокирован.
⚠️ Бот уже работает. Второй запуск блокирован.
⚠️ Бот уже работает. Второй запуск блокирован.
⚠️ Бот уже работает. Второй запуск блокирован.
⚠️ Бот уже работает. Второй запуск блокирован.
⚠️ Бот уже работает. Второй запуск блокирован.
⚠️ Бот уже работает. Второй запуск блокирован.
⚠️ Бот уже работает. Второй запуск блокирован.
⚠️ Бот уже работает. Второй запуск блокирован.
⚠️ Бот уже работает. Второй запуск блокирован.
⚠️ Бот уже работает. Второй запуск блокирован.
⚠️ Бот уже работает. Второй запуск блокирован.
⚠️ Бот уже работает. Второй запуск блокирован.
⚠️ Бот уже работает. Второй запуск блокирован.
⚠️ Бот уже работает. Второй запуск блокирован.
⚠️ Бот уже работает. Второй запуск блокирован.
⚠️ Бот уже работает. Второй запуск блокирован.
⚠️ Бот уже работает. Второй запуск блокирован.
⚠️ Бот уже работает. Второй запуск блокирован.
⚠️ Бот уже работает. Второй запуск блокирован.
⚠️ Бот уже работает. Второй запуск блокирован.
⚠️ Бот уже работает. Второй запуск блокирован.
⚠️ Бот уже работает. Второй запуск блокирован.
⚠️ Бот уже работает. Второй запуск блокирован.
⚠️ Бот уже работает. Второй запуск блокирован.
⚠️ Бот уже работает. Второй запуск блокирован.
⚠️ Бот уже работает. Второй запуск блокирован.
⚠️ Бот уже работает. Второй запуск блокирован.
